0 verbose cli /usr/local/bin/node /usr/local/bin/npm
1 info using npm@10.7.0
2 info using node@v22.1.0
3 silly config:load:file:/usr/local/lib/node_modules/npm/npmrc
4 silly config:load:file:/home/kid/astrobuild.tips/.npmrc
5 silly config:load:file:/home/kid/.npmrc
6 silly config:load:file:/usr/local/etc/npmrc
7 verbose title npm install @astrojs/tailwind@^5.1.0 tailwindcss@^3.4.3
8 verbose argv "install" "@astrojs/tailwind@^5.1.0" "tailwindcss@^3.4.3"
9 verbose logfile logs-max:10 dir:/home/kid/.npm/_logs/2024-05-06T12_46_42_302Z-
10 verbose logfile /home/kid/.npm/_logs/2024-05-06T12_46_42_302Z-debug-0.log
11 silly logfile start cleaning logs, removing 1 files
12 silly logfile done cleaning log files
13 silly idealTree buildDeps
14 silly fetch manifest @astrojs/tailwind@^5.1.0
15 verbose shrinkwrap failed to load node_modules/.package-lock.json out of date, updated: node_modules
16 http fetch GET 200 https://registry.npmjs.org/@astrojs%2ftailwind 1001ms (cache miss)
17 silly fetch manifest astro@^4.7.1
18 http fetch GET 200 https://registry.npmjs.org/astro 508ms (cache revalidated)
19 silly fetch manifest tailwindcss@^3.4.3
20 http fetch GET 200 https://registry.npmjs.org/tailwindcss 419ms (cache miss)
21 silly placeDep ROOT @astrojs/tailwind@5.1.0 OK for: @example/basics@0.0.1 want: ^5.1.0
22 silly placeDep ROOT tailwindcss@3.4.3 OK for: @astrojs/tailwind@5.1.0 want: ^3.0.24
23 silly placeDep ROOT tailwindcss@3.4.3 REPLACE for: @example/basics@0.0.1 want: ^3.4.3
24 silly fetch manifest autoprefixer@^10.4.15
25 silly fetch manifest postcss-load-config@^4.0.2
26 silly fetch manifest @alloc/quick-lru@^5.2.0
27 http fetch GET 200 https://registry.npmjs.org/autoprefixer 112ms (cache miss)
28 silly fetch manifest arg@^5.0.2
29 http fetch GET 200 https://registry.npmjs.org/arg 103ms (cache miss)
30 silly fetch manifest didyoumean@^1.2.2
31 http fetch GET 200 https://registry.npmjs.org/postcss-load-config 300ms (cache miss)
32 silly fetch manifest glob-parent@^6.0.2
33 http fetch GET 200 https://registry.npmjs.org/didyoumean 106ms (cache miss)
34 silly fetch manifest jiti@^1.21.0
35 http fetch GET 200 https://registry.npmjs.org/@alloc%2fquick-lru 334ms (cache miss)
36 silly fetch manifest lilconfig@^2.1.0
37 http fetch GET 200 https://registry.npmjs.org/glob-parent 93ms (cache revalidated)
38 silly fetch manifest object-hash@^3.0.0
39 http fetch GET 200 https://registry.npmjs.org/lilconfig 114ms (cache miss)
40 silly fetch manifest postcss-import@^15.1.0
41 http fetch GET 200 https://registry.npmjs.org/jiti 125ms (cache miss)
42 silly fetch manifest postcss-js@^4.0.1
43 http fetch GET 200 https://registry.npmjs.org/object-hash 111ms (cache miss)
44 silly fetch manifest postcss-load-config@^4.0.1
45 silly fetch manifest postcss-nested@^6.0.1
46 http fetch GET 200 https://registry.npmjs.org/postcss-js 104ms (cache miss)
47 silly fetch manifest postcss-selector-parser@^6.0.11
48 http fetch GET 200 https://registry.npmjs.org/postcss-import 120ms (cache miss)
49 silly fetch manifest sucrase@^3.32.0
50 http fetch GET 200 https://registry.npmjs.org/postcss-nested 108ms (cache miss)
51 http fetch GET 200 https://registry.npmjs.org/postcss-selector-parser 135ms (cache miss)
52 http fetch GET 200 https://registry.npmjs.org/sucrase 135ms (cache miss)
53 silly fetch manifest postcss@^8.4.28
54 http fetch GET 200 https://registry.npmjs.org/postcss 121ms (cache revalidated)
55 silly fetch manifest ts-node@>=9.0.0
56 http fetch GET 200 https://registry.npmjs.org/ts-node 126ms (cache miss)
57 silly fetch manifest @swc/core@>=1.2.50
58 http fetch GET 200 https://registry.npmjs.org/@swc%2fcore 279ms (cache miss)
59 silly fetch manifest @swc/helpers@^0.5.0
60 http fetch GET 200 https://registry.npmjs.org/@swc%2fhelpers 132ms (cache miss)
61 silly fetch manifest @swc/wasm@>=1.2.50
62 http fetch GET 200 https://registry.npmjs.org/@swc%2fwasm 216ms (cache miss)
63 silly fetch manifest @types/node@*
64 http fetch GET 200 https://registry.npmjs.org/@types%2fnode 148ms (cache revalidated)
65 silly fetch manifest typescript@>=2.7
66 http fetch GET 200 https://registry.npmjs.org/typescript 164ms (cache revalidated)
67 silly placeDep ROOT autoprefixer@10.4.19 OK for: @astrojs/tailwind@5.1.0 want: ^10.4.15
68 silly placeDep ROOT postcss-load-config@4.0.2 OK for: @astrojs/tailwind@5.1.0 want: ^4.0.2
69 silly fetch manifest fraction.js@^4.3.7
70 silly fetch manifest normalize-range@^0.1.2
71 silly fetch manifest postcss-value-parser@^4.2.0
72 http fetch GET 200 https://registry.npmjs.org/fraction.js 112ms (cache miss)
73 silly fetch manifest lilconfig@^3.0.0
74 silly fetch manifest yaml@^2.3.4
75 http fetch GET 200 https://registry.npmjs.org/normalize-range 119ms (cache miss)
76 http fetch GET 200 https://registry.npmjs.org/postcss-value-parser 120ms (cache miss)
77 http fetch GET 200 https://registry.npmjs.org/yaml 111ms (cache miss)
78 silly placeDep ROOT fraction.js@4.3.7 OK for: autoprefixer@10.4.19 want: ^4.3.7
79 silly placeDep ROOT normalize-range@0.1.2 OK for: autoprefixer@10.4.19 want: ^0.1.2
80 silly placeDep ROOT postcss-value-parser@4.2.0 OK for: autoprefixer@10.4.19 want: ^4.2.0
81 silly placeDep ROOT lilconfig@3.1.1 OK for: postcss-load-config@4.0.2 want: ^3.0.0
82 silly placeDep ROOT yaml@2.4.2 OK for: postcss-load-config@4.0.2 want: ^2.3.4
83 silly fetch manifest postcss@^8.4.23
84 silly placeDep ROOT @alloc/quick-lru@5.2.0 OK for: tailwindcss@3.4.3 want: ^5.2.0
85 silly placeDep ROOT arg@5.0.2 OK for: tailwindcss@3.4.3 want: ^5.0.2
86 silly placeDep ROOT didyoumean@1.2.2 OK for: tailwindcss@3.4.3 want: ^1.2.2
87 silly placeDep node_modules/tailwindcss glob-parent@6.0.2 OK for: tailwindcss@3.4.3 want: ^6.0.2
88 silly placeDep ROOT jiti@1.21.0 OK for: tailwindcss@3.4.3 want: ^1.21.0
89 silly placeDep node_modules/tailwindcss lilconfig@2.1.0 OK for: tailwindcss@3.4.3 want: ^2.1.0
90 silly placeDep ROOT object-hash@3.0.0 OK for: tailwindcss@3.4.3 want: ^3.0.0
91 silly placeDep ROOT postcss-import@15.1.0 OK for: tailwindcss@3.4.3 want: ^15.1.0
92 silly placeDep ROOT postcss-js@4.0.1 OK for: tailwindcss@3.4.3 want: ^4.0.1
93 silly placeDep ROOT postcss-nested@6.0.1 OK for: tailwindcss@3.4.3 want: ^6.0.1
94 silly placeDep ROOT postcss-selector-parser@6.0.16 OK for: tailwindcss@3.4.3 want: ^6.0.11
95 silly placeDep ROOT sucrase@3.35.0 OK for: tailwindcss@3.4.3 want: ^3.32.0
96 silly fetch manifest read-cache@^1.0.0
97 silly fetch manifest camelcase-css@^2.0.1
98 silly fetch manifest util-deprecate@^1.0.2
99 http fetch GET 200 https://registry.npmjs.org/util-deprecate 95ms (cache revalidated)
100 silly fetch manifest commander@^4.0.0
101 http fetch GET 200 https://registry.npmjs.org/read-cache 102ms (cache miss)
102 silly fetch manifest glob@^10.3.10
103 http fetch GET 200 https://registry.npmjs.org/camelcase-css 105ms (cache miss)
104 silly fetch manifest lines-and-columns@^1.1.6
105 http fetch GET 200 https://registry.npmjs.org/lines-and-columns 95ms (cache miss)
106 silly fetch manifest mz@^2.7.0
107 http fetch GET 200 https://registry.npmjs.org/glob 107ms (cache miss)
108 silly fetch manifest pirates@^4.0.1
109 http fetch GET 200 https://registry.npmjs.org/commander 131ms (cache miss)
110 silly fetch manifest ts-interface-checker@^0.1.9
111 http fetch GET 200 https://registry.npmjs.org/mz 95ms (cache miss)
112 http fetch GET 200 https://registry.npmjs.org/pirates 89ms (cache miss)
113 http fetch GET 200 https://registry.npmjs.org/ts-interface-checker 91ms (cache miss)
114 silly placeDep ROOT read-cache@1.0.0 OK for: postcss-import@15.1.0 want: ^1.0.0
115 silly fetch manifest pify@^2.3.0
116 http fetch GET 200 https://registry.npmjs.org/pify 97ms (cache revalidated)
117 silly placeDep ROOT camelcase-css@2.0.1 OK for: postcss-js@4.0.1 want: ^2.0.1
118 silly placeDep ROOT util-deprecate@1.0.2 OK for: postcss-selector-parser@6.0.16 want: ^1.0.2
119 silly placeDep node_modules/read-cache pify@2.3.0 OK for: read-cache@1.0.0 want: ^2.3.0
120 silly placeDep ROOT commander@4.1.1 OK for: sucrase@3.35.0 want: ^4.0.0
121 silly placeDep ROOT glob@10.3.12 OK for: sucrase@3.35.0 want: ^10.3.10
122 silly placeDep ROOT lines-and-columns@1.2.4 OK for: sucrase@3.35.0 want: ^1.1.6
123 silly placeDep ROOT mz@2.7.0 OK for: sucrase@3.35.0 want: ^2.7.0
124 silly placeDep ROOT pirates@4.0.6 OK for: sucrase@3.35.0 want: ^4.0.1
125 silly placeDep ROOT ts-interface-checker@0.1.13 OK for: sucrase@3.35.0 want: ^0.1.9
126 silly fetch manifest foreground-child@^3.1.0
127 silly fetch manifest jackspeak@^2.3.6
128 silly fetch manifest minimatch@^9.0.1
129 http fetch GET 200 https://registry.npmjs.org/foreground-child 99ms (cache miss)
130 silly fetch manifest minipass@^7.0.4
131 http fetch GET 200 https://registry.npmjs.org/jackspeak 101ms (cache miss)
132 silly fetch manifest path-scurry@^1.10.2
133 http fetch GET 200 https://registry.npmjs.org/minimatch 110ms (cache miss)
134 silly fetch manifest any-promise@^1.0.0
135 http fetch GET 200 https://registry.npmjs.org/minipass 92ms (cache revalidated)
136 silly fetch manifest object-assign@^4.0.1
137 http fetch GET 200 https://registry.npmjs.org/any-promise 95ms (cache miss)
138 silly fetch manifest thenify-all@^1.0.0
139 http fetch GET 200 https://registry.npmjs.org/path-scurry 109ms (cache miss)
140 http fetch GET 200 https://registry.npmjs.org/thenify-all 90ms (cache miss)
141 http fetch GET 200 https://registry.npmjs.org/object-assign 105ms (cache miss)
142 silly placeDep ROOT foreground-child@3.1.1 OK for: glob@10.3.12 want: ^3.1.0
143 silly placeDep ROOT jackspeak@2.3.6 OK for: glob@10.3.12 want: ^2.3.6
144 silly placeDep ROOT minimatch@9.0.4 OK for: glob@10.3.12 want: ^9.0.1
145 silly placeDep ROOT minipass@7.1.0 OK for: glob@10.3.12 want: ^7.0.4
146 silly placeDep ROOT path-scurry@1.10.2 OK for: glob@10.3.12 want: ^1.10.2
147 silly fetch manifest @isaacs/cliui@^8.0.2
148 silly fetch manifest @pkgjs/parseargs@^0.11.0
149 silly fetch manifest brace-expansion@^2.0.1
150 http fetch GET 200 https://registry.npmjs.org/brace-expansion 86ms (cache miss)
151 silly fetch manifest lru-cache@^10.2.0
152 http fetch GET 200 https://registry.npmjs.org/@pkgjs%2fparseargs 106ms (cache miss)
153 http fetch GET 200 https://registry.npmjs.org/@isaacs%2fcliui 119ms (cache miss)
154 http fetch GET 200 https://registry.npmjs.org/lru-cache 84ms (cache revalidated)
155 silly placeDep ROOT @isaacs/cliui@8.0.2 OK for: jackspeak@2.3.6 want: ^8.0.2
156 silly placeDep ROOT @pkgjs/parseargs@0.11.0 OK for: jackspeak@2.3.6 want: ^0.11.0
157 silly fetch manifest string-width@^5.1.2
158 silly fetch manifest string-width-cjs@npm:string-width@^4.2.0
159 silly fetch manifest strip-ansi-cjs@npm:strip-ansi@^6.0.1
160 http fetch GET 200 https://registry.npmjs.org/string-width 89ms (cache revalidated)
161 silly fetch manifest wrap-ansi-cjs@npm:wrap-ansi@^7.0.0
162 http fetch GET 200 https://registry.npmjs.org/strip-ansi 92ms (cache revalidated)
163 http fetch GET 200 https://registry.npmjs.org/string-width 100ms (cache revalidated)
164 http fetch GET 200 https://registry.npmjs.org/wrap-ansi 103ms (cache revalidated)
165 silly placeDep node_modules/@isaacs/cliui string-width@5.1.2 OK for: @isaacs/cliui@8.0.2 want: ^5.1.2
166 silly placeDep ROOT string-width-cjs@4.2.3 OK for: @isaacs/cliui@8.0.2 want: npm:string-width@^4.2.0
167 silly placeDep ROOT strip-ansi-cjs@6.0.1 OK for: @isaacs/cliui@8.0.2 want: npm:strip-ansi@^6.0.1
168 silly placeDep ROOT wrap-ansi-cjs@7.0.0 OK for: @isaacs/cliui@8.0.2 want: npm:wrap-ansi@^7.0.0
169 silly fetch manifest emoji-regex@^9.2.2
170 silly fetch manifest emoji-regex@^8.0.0
171 silly fetch manifest strip-ansi@^6.0.1
172 silly fetch manifest ansi-regex@^5.0.1
173 http fetch GET 200 https://registry.npmjs.org/ansi-regex 88ms (cache revalidated)
174 silly fetch manifest ansi-styles@^4.0.0
175 http fetch GET 200 https://registry.npmjs.org/emoji-regex 94ms (cache revalidated)
176 silly fetch manifest string-width@^4.1.0
177 silly fetch manifest strip-ansi@^6.0.0
178 http fetch GET 200 https://registry.npmjs.org/emoji-regex 99ms (cache revalidated)
179 http fetch GET 200 https://registry.npmjs.org/ansi-styles 95ms (cache revalidated)
180 silly placeDep ROOT brace-expansion@2.0.1 OK for: minimatch@9.0.4 want: ^2.0.1
181 silly fetch manifest balanced-match@^1.0.0
182 http fetch GET 200 https://registry.npmjs.org/balanced-match 92ms (cache miss)
183 silly placeDep ROOT balanced-match@1.0.2 OK for: brace-expansion@2.0.1 want: ^1.0.0
184 silly placeDep ROOT any-promise@1.3.0 OK for: mz@2.7.0 want: ^1.0.0
185 silly placeDep ROOT object-assign@4.1.1 OK for: mz@2.7.0 want: ^4.0.1
186 silly placeDep ROOT thenify-all@1.6.0 OK for: mz@2.7.0 want: ^1.0.0
187 silly fetch manifest thenify@>= 3.1.0 < 4
188 http fetch GET 200 https://registry.npmjs.org/thenify 88ms (cache miss)
189 silly placeDep node_modules/path-scurry lru-cache@10.2.2 OK for: path-scurry@1.10.2 want: ^10.2.0
190 silly placeDep node_modules/string-width-cjs emoji-regex@8.0.0 OK for: string-width@4.2.3 want: ^8.0.0
191 silly placeDep node_modules/string-width-cjs strip-ansi@6.0.1 OK for: string-width@4.2.3 want: ^6.0.1
192 silly placeDep node_modules/strip-ansi-cjs ansi-regex@5.0.1 OK for: strip-ansi@6.0.1 want: ^5.0.1
193 silly placeDep ROOT thenify@3.3.1 OK for: thenify-all@1.6.0 want: >= 3.1.0 < 4
194 silly placeDep node_modules/wrap-ansi-cjs ansi-styles@4.3.0 OK for: wrap-ansi@7.0.0 want: ^4.0.0
195 silly placeDep node_modules/wrap-ansi-cjs string-width@4.2.3 OK for: wrap-ansi@7.0.0 want: ^4.1.0
196 silly placeDep node_modules/wrap-ansi-cjs strip-ansi@6.0.1 OK for: wrap-ansi@7.0.0 want: ^6.0.0
197 silly fetch manifest color-convert@^2.0.1
198 http fetch GET 200 https://registry.npmjs.org/color-convert 91ms (cache revalidated)
199 silly placeDep node_modules/@isaacs/cliui emoji-regex@9.2.2 OK for: string-width@5.1.2 want: ^9.2.2
200 silly placeDep node_modules/string-width-cjs ansi-regex@5.0.1 OK for: strip-ansi@6.0.1 want: ^5.0.1
201 silly placeDep node_modules/wrap-ansi-cjs color-convert@2.0.1 OK for: ansi-styles@4.3.0 want: ^2.0.1
202 silly fetch manifest color-name@~1.1.4
203 http fetch GET 200 https://registry.npmjs.org/color-name 87ms (cache revalidated)
204 silly placeDep node_modules/wrap-ansi-cjs color-name@1.1.4 OK for: color-convert@2.0.1 want: ~1.1.4
205 silly placeDep node_modules/wrap-ansi-cjs emoji-regex@8.0.0 OK for: string-width@4.2.3 want: ^8.0.0
206 silly placeDep node_modules/wrap-ansi-cjs ansi-regex@5.0.1 OK for: strip-ansi@6.0.1 want: ^5.0.1
207 silly reify moves {}
208 silly audit bulk request {
208 silly audit   '@ampproject/remapping': [ '2.3.0' ],
208 silly audit   '@astrojs/compiler': [ '2.8.0' ],
208 silly audit   '@astrojs/internal-helpers': [ '0.4.0' ],
208 silly audit   '@astrojs/markdown-remark': [ '5.1.0' ],
208 silly audit   '@astrojs/prism': [ '3.1.0' ],
208 silly audit   '@astrojs/telemetry': [ '3.1.0' ],
208 silly audit   '@babel/code-frame': [ '7.24.2' ],
208 silly audit   '@babel/compat-data': [ '7.24.4' ],
208 silly audit   '@babel/core': [ '7.24.5' ],
208 silly audit   semver: [ '6.3.1', '7.6.0' ],
208 silly audit   '@babel/generator': [ '7.24.5' ],
208 silly audit   '@babel/helper-annotate-as-pure': [ '7.22.5' ],
208 silly audit   '@babel/helper-compilation-targets': [ '7.23.6' ],
208 silly audit   '@babel/helper-environment-visitor': [ '7.22.20' ],
208 silly audit   '@babel/helper-function-name': [ '7.23.0' ],
208 silly audit   '@babel/helper-hoist-variables': [ '7.22.5' ],
208 silly audit   '@babel/helper-module-imports': [ '7.24.3' ],
208 silly audit   '@babel/helper-module-transforms': [ '7.24.5' ],
208 silly audit   '@babel/helper-plugin-utils': [ '7.24.5' ],
208 silly audit   '@babel/helper-simple-access': [ '7.24.5' ],
208 silly audit   '@babel/helper-split-export-declaration': [ '7.24.5' ],
208 silly audit   '@babel/helper-string-parser': [ '7.24.1' ],
208 silly audit   '@babel/helper-validator-identifier': [ '7.24.5' ],
208 silly audit   '@babel/helper-validator-option': [ '7.23.5' ],
208 silly audit   '@babel/helpers': [ '7.24.5' ],
208 silly audit   '@babel/highlight': [ '7.24.5' ],
208 silly audit   '@babel/parser': [ '7.24.5' ],
208 silly audit   '@babel/plugin-syntax-jsx': [ '7.24.1' ],
208 silly audit   '@babel/plugin-transform-react-jsx': [ '7.23.4' ],
208 silly audit   '@babel/template': [ '7.24.0' ],
208 silly audit   '@babel/traverse': [ '7.24.5' ],
208 silly audit   '@babel/types': [ '7.24.5' ],
208 silly audit   '@emnapi/runtime': [ '1.1.1' ],
208 silly audit   '@esbuild/aix-ppc64': [ '0.20.2' ],
208 silly audit   '@esbuild/android-arm': [ '0.20.2' ],
208 silly audit   '@esbuild/android-arm64': [ '0.20.2' ],
208 silly audit   '@esbuild/android-x64': [ '0.20.2' ],
208 silly audit   '@esbuild/darwin-arm64': [ '0.20.2' ],
208 silly audit   '@esbuild/darwin-x64': [ '0.20.2' ],
208 silly audit   '@esbuild/freebsd-arm64': [ '0.20.2' ],
208 silly audit   '@esbuild/freebsd-x64': [ '0.20.2' ],
208 silly audit   '@esbuild/linux-arm': [ '0.20.2' ],
208 silly audit   '@esbuild/linux-arm64': [ '0.20.2' ],
208 silly audit   '@esbuild/linux-ia32': [ '0.20.2' ],
208 silly audit   '@esbuild/linux-loong64': [ '0.20.2' ],
208 silly audit   '@esbuild/linux-mips64el': [ '0.20.2' ],
208 silly audit   '@esbuild/linux-ppc64': [ '0.20.2' ],
208 silly audit   '@esbuild/linux-riscv64': [ '0.20.2' ],
208 silly audit   '@esbuild/linux-s390x': [ '0.20.2' ],
208 silly audit   '@esbuild/linux-x64': [ '0.20.2' ],
208 silly audit   '@esbuild/netbsd-x64': [ '0.20.2' ],
208 silly audit   '@esbuild/openbsd-x64': [ '0.20.2' ],
208 silly audit   '@esbuild/sunos-x64': [ '0.20.2' ],
208 silly audit   '@esbuild/win32-arm64': [ '0.20.2' ],
208 silly audit   '@esbuild/win32-ia32': [ '0.20.2' ],
208 silly audit   '@esbuild/win32-x64': [ '0.20.2' ],
208 silly audit   '@img/sharp-darwin-arm64': [ '0.33.3' ],
208 silly audit   '@img/sharp-darwin-x64': [ '0.33.3' ],
208 silly audit   '@img/sharp-libvips-darwin-arm64': [ '1.0.2' ],
208 silly audit   '@img/sharp-libvips-darwin-x64': [ '1.0.2' ],
208 silly audit   '@img/sharp-libvips-linux-arm': [ '1.0.2' ],
208 silly audit   '@img/sharp-libvips-linux-arm64': [ '1.0.2' ],
208 silly audit   '@img/sharp-libvips-linux-s390x': [ '1.0.2' ],
208 silly audit   '@img/sharp-libvips-linux-x64': [ '1.0.2' ],
208 silly audit   '@img/sharp-libvips-linuxmusl-arm64': [ '1.0.2' ],
208 silly audit   '@img/sharp-libvips-linuxmusl-x64': [ '1.0.2' ],
208 silly audit   '@img/sharp-linux-arm': [ '0.33.3' ],
208 silly audit   '@img/sharp-linux-arm64': [ '0.33.3' ],
208 silly audit   '@img/sharp-linux-s390x': [ '0.33.3' ],
208 silly audit   '@img/sharp-linux-x64': [ '0.33.3' ],
208 silly audit   '@img/sharp-linuxmusl-arm64': [ '0.33.3' ],
208 silly audit   '@img/sharp-linuxmusl-x64': [ '0.33.3' ],
208 silly audit   '@img/sharp-wasm32': [ '0.33.3' ],
208 silly audit   '@img/sharp-win32-ia32': [ '0.33.3' ],
208 silly audit   '@img/sharp-win32-x64': [ '0.33.3' ],
208 silly audit   '@jridgewell/gen-mapping': [ '0.3.5' ],
208 silly audit   '@jridgewell/resolve-uri': [ '3.1.2' ],
208 silly audit   '@jridgewell/set-array': [ '1.2.1' ],
208 silly audit   '@jridgewell/sourcemap-codec': [ '1.4.15' ],
208 silly audit   '@jridgewell/trace-mapping': [ '0.3.25' ],
208 silly audit   '@nodelib/fs.scandir': [ '2.1.5' ],
208 silly audit   '@nodelib/fs.stat': [ '2.0.5' ],
208 silly audit   '@nodelib/fs.walk': [ '1.2.8' ],
208 silly audit   '@rollup/rollup-android-arm-eabi': [ '4.17.2' ],
208 silly audit   '@rollup/rollup-android-arm64': [ '4.17.2' ],
208 silly audit   '@rollup/rollup-darwin-arm64': [ '4.17.2' ],
208 silly audit   '@rollup/rollup-darwin-x64': [ '4.17.2' ],
208 silly audit   '@rollup/rollup-linux-arm-gnueabihf': [ '4.17.2' ],
208 silly audit   '@rollup/rollup-linux-arm-musleabihf': [ '4.17.2' ],
208 silly audit   '@rollup/rollup-linux-arm64-gnu': [ '4.17.2' ],
208 silly audit   '@rollup/rollup-linux-arm64-musl': [ '4.17.2' ],
208 silly audit   '@rollup/rollup-linux-powerpc64le-gnu': [ '4.17.2' ],
208 silly audit   '@rollup/rollup-linux-riscv64-gnu': [ '4.17.2' ],
208 silly audit   '@rollup/rollup-linux-s390x-gnu': [ '4.17.2' ],
208 silly audit   '@rollup/rollup-linux-x64-gnu': [ '4.17.2' ],
208 silly audit   '@rollup/rollup-linux-x64-musl': [ '4.17.2' ],
208 silly audit   '@rollup/rollup-win32-arm64-msvc': [ '4.17.2' ],
208 silly audit   '@rollup/rollup-win32-ia32-msvc': [ '4.17.2' ],
208 silly audit   '@rollup/rollup-win32-x64-msvc': [ '4.17.2' ],
208 silly audit   '@shikijs/core': [ '1.4.0' ],
208 silly audit   '@types/babel__core': [ '7.20.5' ],
208 silly audit   '@types/babel__generator': [ '7.6.8' ],
208 silly audit   '@types/babel__template': [ '7.4.4' ],
208 silly audit   '@types/babel__traverse': [ '7.20.5' ],
208 silly audit   '@types/cookie': [ '0.6.0' ],
208 silly audit   '@types/debug': [ '4.1.12' ],
208 silly audit   '@types/estree': [ '1.0.5' ],
208 silly audit   '@types/hast': [ '3.0.4' ],
208 silly audit   '@types/mdast': [ '4.0.3' ],
208 silly audit   '@types/ms': [ '0.7.34' ],
208 silly audit   '@types/nlcst': [ '1.0.4' ],
208 silly audit   '@types/unist': [ '2.0.10', '3.0.2' ],
208 silly audit   '@ungap/structured-clone': [ '1.2.0' ],
208 silly audit   acorn: [ '8.11.3' ],
208 silly audit   'ansi-align': [ '3.0.1' ],
208 silly audit   'ansi-regex': [ '5.0.1', '6.0.1' ],
208 silly audit   'emoji-regex': [ '8.0.0', '9.2.2', '10.3.0' ],
208 silly audit   'string-width': [ '4.2.3', '5.1.2', '7.1.0' ],
208 silly audit   'strip-ansi': [ '6.0.1', '7.1.0' ],
208 silly audit   'ansi-styles': [ '3.2.1', '6.2.1', '4.3.0' ],
208 silly audit   anymatch: [ '3.1.3' ],
208 silly audit   argparse: [ '2.0.1', '1.0.10' ],
208 silly audit   'aria-query': [ '5.3.0' ],
208 silly audit   'array-iterate': [ '2.0.1' ],
208 silly audit   astro: [ '4.7.1' ],
208 silly audit   'axobject-query': [ '4.0.0' ],
208 silly audit   bail: [ '2.0.2' ],
208 silly audit   'base-64': [ '1.0.0' ],
208 silly audit   'binary-extensions': [ '2.3.0' ],
208 silly audit   boxen: [ '7.1.1' ],
208 silly audit   chalk: [ '5.3.0', '2.4.2' ],
208 silly audit   braces: [ '3.0.2' ],
208 silly audit   browserslist: [ '4.23.0' ],
208 silly audit   camelcase: [ '7.0.1' ],
208 silly audit   'caniuse-lite': [ '1.0.30001616' ],
208 silly audit   ccount: [ '2.0.1' ],
208 silly audit   'character-entities': [ '2.0.2' ],
208 silly audit   'character-entities-html4': [ '2.1.0' ],
208 silly audit   'character-entities-legacy': [ '3.0.0' ],
208 silly audit   chokidar: [ '3.6.0' ],
208 silly audit   'ci-info': [ '4.0.0' ],
208 silly audit   'cli-boxes': [ '3.0.0' ],
208 silly audit   'cli-cursor': [ '4.0.0' ],
208 silly audit   'cli-spinners': [ '2.9.2' ],
208 silly audit   clsx: [ '2.1.1' ],
208 silly audit   color: [ '4.2.3' ],
208 silly audit   'color-convert': [ '1.9.3', '2.0.1' ],
208 silly audit   'color-name': [ '1.1.3', '1.1.4' ],
208 silly audit   'color-string': [ '1.9.1' ],
208 silly audit   'comma-separated-tokens': [ '2.0.3' ],
208 silly audit   'common-ancestor-path': [ '1.0.1' ],
208 silly audit   'convert-source-map': [ '2.0.0' ],
208 silly audit   cookie: [ '0.6.0' ],
208 silly audit   'cross-spawn': [ '7.0.3' ],
208 silly audit   cssesc: [ '3.0.0' ],
208 silly audit   debug: [ '4.3.4' ],
208 silly audit   'decode-named-character-reference': [ '1.0.2' ],
208 silly audit   dequal: [ '2.0.3' ],
208 silly audit   'detect-libc': [ '2.0.3' ],
208 silly audit   'deterministic-object-hash': [ '2.0.2' ],
208 silly audit   devalue: [ '5.0.0' ],
208 silly audit   devlop: [ '1.1.0' ],
208 silly audit   diff: [ '5.2.0' ],
208 silly audit   dlv: [ '1.1.3' ],
208 silly audit   dset: [ '3.1.3' ],
208 silly audit   eastasianwidth: [ '0.2.0' ],
208 silly audit   'electron-to-chromium': [ '1.4.756' ],
208 silly audit   entities: [ '4.5.0' ],
208 silly audit   'es-module-lexer': [ '1.5.2' ],
208 silly audit   esbuild: [ '0.20.2' ],
208 silly audit   escalade: [ '3.1.2' ],
208 silly audit   'escape-string-regexp': [ '1.0.5', '5.0.0' ],
208 silly audit   esprima: [ '4.0.1' ],
208 silly audit   'estree-walker': [ '3.0.3' ],
208 silly audit   eventemitter3: [ '5.0.1' ],
208 silly audit   execa: [ '8.0.1' ],
208 silly audit   extend: [ '3.0.2' ],
208 silly audit   'extend-shallow': [ '2.0.1' ],
208 silly audit   'fast-glob': [ '3.3.2' ],
208 silly audit   fastq: [ '1.17.1' ],
208 silly audit   'fill-range': [ '7.0.1' ],
208 silly audit   'find-up': [ '5.0.0', '4.1.0' ],
208 silly audit   'find-yarn-workspace-root2': [ '1.2.16' ],
208 silly audit   flattie: [ '1.1.1' ],
208 silly audit   fsevents: [ '2.3.3' ],
208 silly audit   'function-bind': [ '1.1.2' ],
208 silly audit   gensync: [ '1.0.0-beta.2' ],
208 silly audit   'get-east-asian-width': [ '1.2.0' ],
208 silly audit   'get-stream': [ '8.0.1' ],
208 silly audit   'github-slugger': [ '2.0.0' ],
208 silly audit   'glob-parent': [ '5.1.2', '6.0.2' ],
208 silly audit   globals: [ '11.12.0' ],
208 silly audit   'graceful-fs': [ '4.2.11' ],
208 silly audit   'gray-matter': [ '4.0.3' ],
208 silly audit   'js-yaml': [ '3.14.1', '4.1.0' ],
208 silly audit   'has-flag': [ '3.0.0' ],
208 silly audit   hasown: [ '2.0.2' ],
208 silly audit   'hast-util-from-html': [ '2.0.1' ],
208 silly audit   'hast-util-from-parse5': [ '8.0.1' ],
208 silly audit   'hast-util-is-element': [ '3.0.0' ],
208 silly audit   'hast-util-parse-selector': [ '4.0.0' ],
208 silly audit   'hast-util-raw': [ '9.0.3' ],
208 silly audit   'hast-util-to-html': [ '9.0.1' ],
208 silly audit   'hast-util-to-parse5': [ '8.0.0' ],
208 silly audit   'hast-util-to-text': [ '4.0.2' ],
208 silly audit   'hast-util-whitespace': [ '3.0.0' ],
208 silly audit   hastscript: [ '8.0.0' ],
208 silly audit   'html-escaper': [ '3.0.3' ],
208 silly audit   'html-void-elements': [ '3.0.0' ],
208 silly audit   'http-cache-semantics': [ '4.1.1' ],
208 silly audit   'human-signals': [ '5.0.0' ],
208 silly audit   'import-meta-resolve': [ '4.1.0' ],
208 silly audit   'is-arrayish': [ '0.3.2' ],
208 silly audit   'is-binary-path': [ '2.1.0' ],
208 silly audit   'is-buffer': [ '2.0.5' ],
208 silly audit   'is-core-module': [ '2.13.1' ],
208 silly audit   'is-docker': [ '3.0.0' ],
208 silly audit   'is-extendable': [ '0.1.1' ],
208 silly audit   'is-extglob': [ '2.1.1' ],
208 silly audit   'is-fullwidth-code-point': [ '3.0.0' ],
208 silly audit   'is-glob': [ '4.0.3' ],
208 silly audit   'is-inside-container': [ '1.0.0' ],
208 silly audit   'is-interactive': [ '2.0.0' ],
208 silly audit   'is-number': [ '7.0.0' ],
208 silly audit   'is-plain-obj': [ '4.1.0' ],
208 silly audit   'is-stream': [ '3.0.0' ],
208 silly audit   'is-unicode-supported': [ '2.0.0', '1.3.0' ],
208 silly audit   'is-wsl': [ '3.1.0' ],
208 silly audit   isexe: [ '2.0.0' ],
208 silly audit   'js-tokens': [ '4.0.0' ],
208 silly audit   jsesc: [ '2.5.2' ],
208 silly audit   json5: [ '2.2.3' ],
208 silly audit   'kind-of': [ '6.0.3' ],
208 silly audit   kleur: [ '4.1.5', '3.0.3' ],
208 silly audit   'load-yaml-file': [ '0.2.0' ],
208 silly audit   'locate-path': [ '6.0.0', '5.0.0' ],
208 silly audit   'log-symbols': [ '6.0.0' ],
208 silly audit   'longest-streak': [ '3.1.0' ],
208 silly audit   'lru-cache': [ '5.1.1', '6.0.0', '10.2.2' ],
208 silly audit   'magic-string': [ '0.30.10' ],
208 silly audit   'markdown-table': [ '3.0.3' ],
208 silly audit   'mdast-util-definitions': [ '6.0.0' ],
208 silly audit   'mdast-util-find-and-replace': [ '3.0.1' ],
208 silly audit   'mdast-util-from-markdown': [ '2.0.0' ],
208 silly audit   'mdast-util-gfm': [ '3.0.0' ],
208 silly audit   'mdast-util-gfm-autolink-literal': [ '2.0.0' ],
208 silly audit   'mdast-util-gfm-footnote': [ '2.0.0' ],
208 silly audit   'mdast-util-gfm-strikethrough': [ '2.0.0' ],
208 silly audit   'mdast-util-gfm-table': [ '2.0.0' ],
208 silly audit   'mdast-util-gfm-task-list-item': [ '2.0.0' ],
208 silly audit   'mdast-util-phrasing': [ '4.1.0' ],
208 silly audit   'mdast-util-to-hast': [ '13.1.0' ],
208 silly audit   'mdast-util-to-markdown': [ '2.1.0' ],
208 silly audit   'mdast-util-to-string': [ '4.0.0' ],
208 silly audit   'merge-stream': [ '2.0.0' ],
208 silly audit   merge2: [ '1.4.1' ],
208 silly audit   micromark: [ '4.0.0' ],
208 silly audit   'micromark-core-commonmark': [ '2.0.1' ],
208 silly audit   'micromark-extension-gfm': [ '3.0.0' ],
208 silly audit   'micromark-extension-gfm-autolink-literal': [ '2.0.0' ],
208 silly audit   'micromark-extension-gfm-footnote': [ '2.0.0' ],
208 silly audit   'micromark-extension-gfm-strikethrough': [ '2.0.0' ],
208 silly audit   'micromark-extension-gfm-table': [ '2.0.0' ],
208 silly audit   'micromark-extension-gfm-tagfilter': [ '2.0.0' ],
208 silly audit   'micromark-extension-gfm-task-list-item': [ '2.0.1' ],
208 silly audit   'micromark-factory-destination': [ '2.0.0' ],
208 silly audit   'micromark-factory-label': [ '2.0.0' ],
208 silly audit   'micromark-factory-space': [ '2.0.0' ],
208 silly audit   'micromark-factory-title': [ '2.0.0' ],
208 silly audit   'micromark-factory-whitespace': [ '2.0.0' ],
208 silly audit   'micromark-util-character': [ '2.1.0' ],
208 silly audit   'micromark-util-chunked': [ '2.0.0' ],
208 silly audit   'micromark-util-classify-character': [ '2.0.0' ],
208 silly audit   'micromark-util-combine-extensions': [ '2.0.0' ],
208 silly audit   'micromark-util-decode-numeric-character-reference': [ '2.0.1' ],
208 silly audit   'micromark-util-decode-string': [ '2.0.0' ],
208 silly audit   'micromark-util-encode': [ '2.0.0' ],
208 silly audit   'micromark-util-html-tag-name': [ '2.0.0' ],
208 silly audit   'micromark-util-normalize-identifier': [ '2.0.0' ],
208 silly audit   'micromark-util-resolve-all': [ '2.0.0' ],
208 silly audit   'micromark-util-sanitize-uri': [ '2.0.0' ],
208 silly audit   'micromark-util-subtokenize': [ '2.0.1' ],
208 silly audit   'micromark-util-symbol': [ '2.0.0' ],
208 silly audit   'micromark-util-types': [ '2.0.0' ],
208 silly audit   micromatch: [ '4.0.5' ],
208 silly audit   'mimic-fn': [ '4.0.0', '2.1.0' ],
208 silly audit   mrmime: [ '2.0.0' ],
208 silly audit   ms: [ '2.1.2' ],
208 silly audit   nanoid: [ '3.3.7' ],
208 silly audit   'nlcst-to-string': [ '3.1.1' ],
208 silly audit   'node-releases': [ '2.0.14' ],
208 silly audit   'normalize-path': [ '3.0.0' ],
208 silly audit   'npm-run-path': [ '5.3.0' ],
208 silly audit   'path-key': [ '4.0.0', '3.1.1' ],
208 silly audit   onetime: [ '6.0.0', '5.1.2' ],
208 silly audit   ora: [ '8.0.1' ],
208 silly audit   'p-limit': [ '5.0.0', '3.1.0', '2.3.0' ],
208 silly audit   'p-locate': [ '5.0.0', '4.1.0' ],
208 silly audit   'yocto-queue': [ '0.1.0', '1.0.0' ],
208 silly audit   'p-queue': [ '8.0.1' ],
208 silly audit   'p-timeout': [ '6.1.2' ],
208 silly audit   'p-try': [ '2.2.0' ],
208 silly audit   'parse-latin': [ '5.0.1' ],
208 silly audit   parse5: [ '7.1.2' ],
208 silly audit   'path-exists': [ '4.0.0' ],
208 silly audit   'path-parse': [ '1.0.7' ],
208 silly audit   'path-to-regexp': [ '6.2.2' ],
208 silly audit   picocolors: [ '1.0.0' ],
208 silly audit   picomatch: [ '2.3.1' ],
208 silly audit   pify: [ '4.0.1', '2.3.0' ],
208 silly audit   'pkg-dir': [ '4.2.0' ],
208 silly audit   postcss: [ '8.4.38' ],
208 silly audit   'preferred-pm': [ '3.1.3' ],
208 silly audit   'which-pm': [ '2.0.0', '2.1.1' ],
208 silly audit   prismjs: [ '1.29.0' ],
208 silly audit   prompts: [ '2.4.2' ],
208 silly audit   'property-information': [ '6.5.0' ],
208 silly audit   'queue-microtask': [ '1.2.3' ],
208 silly audit   readdirp: [ '3.6.0' ],
208 silly audit   rehype: [ '13.0.1' ],
208 silly audit   'rehype-parse': [ '9.0.0' ],
208 silly audit   'rehype-raw': [ '7.0.0' ],
208 silly audit   'rehype-stringify': [ '10.0.0' ],
208 silly audit   'remark-gfm': [ '4.0.0' ],
208 silly audit   'remark-parse': [ '11.0.0' ],
208 silly audit   'remark-rehype': [ '11.1.0' ],
208 silly audit   'remark-smartypants': [ '2.1.0' ],
208 silly audit   'remark-stringify': [ '11.0.0' ],
208 silly audit   resolve: [ '1.22.8' ],
208 silly audit   'restore-cursor': [ '4.0.0' ],
208 silly audit   'signal-exit': [ '3.0.7', '4.1.0' ],
208 silly audit   retext: [ '8.1.0' ],
208 silly audit   'retext-latin': [ '3.1.0' ],
208 silly audit   unified: [ '10.1.2', '11.0.4' ],
208 silly audit   'unist-util-stringify-position': [ '3.0.3', '4.0.0' ],
208 silly audit   vfile: [ '5.3.7', '6.0.1' ],
208 silly audit   'vfile-message': [ '3.1.4', '4.0.2' ],
208 silly audit   'retext-smartypants': [ '5.2.0' ],
208 silly audit   'unist-util-is': [ '5.2.1', '6.0.0' ],
208 silly audit   'unist-util-visit': [ '4.1.2', '5.0.0' ],
208 silly audit   'unist-util-visit-parents': [ '5.1.3', '6.0.1' ],
208 silly audit   'retext-stringify': [ '3.1.0' ],
208 silly audit   reusify: [ '1.0.4' ],
208 silly audit   rollup: [ '4.17.2' ],
208 silly audit   'run-parallel': [ '1.2.0' ],
208 silly audit   'section-matter': [ '1.0.0' ],
208 silly audit   yallist: [ '4.0.0', '3.1.1' ],
208 silly audit   sharp: [ '0.33.3' ],
208 silly audit   'shebang-command': [ '2.0.0' ],
208 silly audit   'shebang-regex': [ '3.0.0' ],
208 silly audit   shiki: [ '1.4.0' ],
208 silly audit   'simple-swizzle': [ '0.2.2' ],
208 silly audit   sisteransi: [ '1.0.5' ],
208 silly audit   'source-map-js': [ '1.2.0' ],
208 silly audit   'space-separated-tokens': [ '2.0.2' ],
208 silly audit   'sprintf-js': [ '1.0.3' ],
208 silly audit   'stdin-discarder': [ '0.2.2' ],
208 silly audit   'stringify-entities': [ '4.0.4' ],
208 silly audit   'strip-bom': [ '3.0.0' ],
208 silly audit   'strip-bom-string': [ '1.0.0' ],
208 silly audit   'strip-final-newline': [ '3.0.0' ],
208 silly audit   'supports-color': [ '5.5.0' ],
208 silly audit   'supports-preserve-symlinks-flag': [ '1.0.0' ],
208 silly audit   'to-fast-properties': [ '2.0.0' ],
208 silly audit   'to-regex-range': [ '5.0.1' ],
208 silly audit   'trim-lines': [ '3.0.1' ],
208 silly audit   trough: [ '2.2.0' ],
208 silly audit   tsconfck: [ '3.0.3' ],
208 silly audit   tslib: [ '2.6.2' ],
208 silly audit   'type-fest': [ '2.19.0' ],
208 silly audit   unherit: [ '3.0.1' ],
208 silly audit   'unist-util-find-after': [ '5.0.0' ],
208 silly audit   'unist-util-modify-children': [ '3.1.1' ],
208 silly audit   'unist-util-position': [ '5.0.0' ],
208 silly audit   'unist-util-remove-position': [ '5.0.0' ],
208 silly audit   'unist-util-visit-children': [ '2.0.2' ],
208 silly audit   'update-browserslist-db': [ '1.0.15' ],
208 silly audit   'vfile-location': [ '5.0.2' ],
208 silly audit   vite: [ '5.2.11' ],
208 silly audit   vitefu: [ '0.2.5' ],
208 silly audit   'web-namespaces': [ '2.0.1' ],
208 silly audit   which: [ '2.0.2' ],
208 silly audit   'which-pm-runs': [ '1.1.0' ],
208 silly audit   'widest-line': [ '4.0.1' ],
208 silly audit   'wrap-ansi': [ '8.1.0', '7.0.0' ],
208 silly audit   'yargs-parser': [ '21.1.1' ],
208 silly audit   zod: [ '3.23.6' ],
208 silly audit   'zod-to-json-schema': [ '3.23.0' ],
208 silly audit   zwitch: [ '2.0.4' ],
208 silly audit   '@astrojs/tailwind': [ '5.1.0' ],
208 silly audit   tailwindcss: [ '3.4.3' ],
208 silly audit   autoprefixer: [ '10.4.19' ],
208 silly audit   'postcss-load-config': [ '4.0.2' ],
208 silly audit   'fraction.js': [ '4.3.7' ],
208 silly audit   'normalize-range': [ '0.1.2' ],
208 silly audit   'postcss-value-parser': [ '4.2.0' ],
208 silly audit   lilconfig: [ '3.1.1', '2.1.0' ],
208 silly audit   yaml: [ '2.4.2' ],
208 silly audit   '@alloc/quick-lru': [ '5.2.0' ],
208 silly audit   arg: [ '5.0.2' ],
208 silly audit   didyoumean: [ '1.2.2' ],
208 silly audit   jiti: [ '1.21.0' ],
208 silly audit   'object-hash': [ '3.0.0' ],
208 silly audit   'postcss-import': [ '15.1.0' ],
208 silly audit   'postcss-js': [ '4.0.1' ],
208 silly audit   'postcss-nested': [ '6.0.1' ],
208 silly audit   'postcss-selector-parser': [ '6.0.16' ],
208 silly audit   sucrase: [ '3.35.0' ],
208 silly audit   'read-cache': [ '1.0.0' ],
208 silly audit   'camelcase-css': [ '2.0.1' ],
208 silly audit   'util-deprecate': [ '1.0.2' ],
208 silly audit   commander: [ '4.1.1' ],
208 silly audit   glob: [ '10.3.12' ],
208 silly audit   'lines-and-columns': [ '1.2.4' ],
208 silly audit   mz: [ '2.7.0' ],
208 silly audit   pirates: [ '4.0.6' ],
208 silly audit   'ts-interface-checker': [ '0.1.13' ],
208 silly audit   'foreground-child': [ '3.1.1' ],
208 silly audit   jackspeak: [ '2.3.6' ],
208 silly audit   minimatch: [ '9.0.4' ],
208 silly audit   minipass: [ '7.1.0' ],
208 silly audit   'path-scurry': [ '1.10.2' ],
208 silly audit   '@isaacs/cliui': [ '8.0.2' ],
208 silly audit   '@pkgjs/parseargs': [ '0.11.0' ],
208 silly audit   'brace-expansion': [ '2.0.1' ],
208 silly audit   'balanced-match': [ '1.0.2' ],
208 silly audit   'any-promise': [ '1.3.0' ],
208 silly audit   'object-assign': [ '4.1.1' ],
208 silly audit   'thenify-all': [ '1.6.0' ],
208 silly audit   thenify: [ '3.3.1' ]
208 silly audit }
209 verbose reify failed optional dependency /home/kid/astrobuild.tips/node_modules/fsevents
210 silly reify mark deleted [ '/home/kid/astrobuild.tips/node_modules/fsevents' ]
211 verbose reify failed optional dependency /home/kid/astrobuild.tips/node_modules/@rollup/rollup-win32-x64-msvc
212 silly reify mark deleted [
212 silly reify   '/home/kid/astrobuild.tips/node_modules/@rollup/rollup-win32-x64-msvc'
212 silly reify ]
213 verbose reify failed optional dependency /home/kid/astrobuild.tips/node_modules/@rollup/rollup-win32-ia32-msvc
214 silly reify mark deleted [
214 silly reify   '/home/kid/astrobuild.tips/node_modules/@rollup/rollup-win32-ia32-msvc'
214 silly reify ]
215 verbose reify failed optional dependency /home/kid/astrobuild.tips/node_modules/@rollup/rollup-win32-arm64-msvc
216 silly reify mark deleted [
216 silly reify   '/home/kid/astrobuild.tips/node_modules/@rollup/rollup-win32-arm64-msvc'
216 silly reify ]
217 verbose reify failed optional dependency /home/kid/astrobuild.tips/node_modules/@rollup/rollup-linux-s390x-gnu
218 silly reify mark deleted [
218 silly reify   '/home/kid/astrobuild.tips/node_modules/@rollup/rollup-linux-s390x-gnu'
218 silly reify ]
219 verbose reify failed optional dependency /home/kid/astrobuild.tips/node_modules/@rollup/rollup-linux-riscv64-gnu
220 silly reify mark deleted [
220 silly reify   '/home/kid/astrobuild.tips/node_modules/@rollup/rollup-linux-riscv64-gnu'
220 silly reify ]
221 verbose reify failed optional dependency /home/kid/astrobuild.tips/node_modules/@rollup/rollup-linux-powerpc64le-gnu
222 silly reify mark deleted [
222 silly reify   '/home/kid/astrobuild.tips/node_modules/@rollup/rollup-linux-powerpc64le-gnu'
222 silly reify ]
223 verbose reify failed optional dependency /home/kid/astrobuild.tips/node_modules/@rollup/rollup-linux-arm64-musl
224 silly reify mark deleted [
224 silly reify   '/home/kid/astrobuild.tips/node_modules/@rollup/rollup-linux-arm64-musl'
224 silly reify ]
225 verbose reify failed optional dependency /home/kid/astrobuild.tips/node_modules/@rollup/rollup-linux-arm64-gnu
226 silly reify mark deleted [
226 silly reify   '/home/kid/astrobuild.tips/node_modules/@rollup/rollup-linux-arm64-gnu'
226 silly reify ]
227 verbose reify failed optional dependency /home/kid/astrobuild.tips/node_modules/@rollup/rollup-linux-arm-musleabihf
228 silly reify mark deleted [
228 silly reify   '/home/kid/astrobuild.tips/node_modules/@rollup/rollup-linux-arm-musleabihf'
228 silly reify ]
229 verbose reify failed optional dependency /home/kid/astrobuild.tips/node_modules/@rollup/rollup-linux-arm-gnueabihf
230 silly reify mark deleted [
230 silly reify   '/home/kid/astrobuild.tips/node_modules/@rollup/rollup-linux-arm-gnueabihf'
230 silly reify ]
231 verbose reify failed optional dependency /home/kid/astrobuild.tips/node_modules/@rollup/rollup-darwin-x64
232 silly reify mark deleted [ '/home/kid/astrobuild.tips/node_modules/@rollup/rollup-darwin-x64' ]
233 verbose reify failed optional dependency /home/kid/astrobuild.tips/node_modules/@rollup/rollup-darwin-arm64
234 silly reify mark deleted [
234 silly reify   '/home/kid/astrobuild.tips/node_modules/@rollup/rollup-darwin-arm64'
234 silly reify ]
235 verbose reify failed optional dependency /home/kid/astrobuild.tips/node_modules/@rollup/rollup-android-arm64
236 silly reify mark deleted [
236 silly reify   '/home/kid/astrobuild.tips/node_modules/@rollup/rollup-android-arm64'
236 silly reify ]
237 verbose reify failed optional dependency /home/kid/astrobuild.tips/node_modules/@rollup/rollup-android-arm-eabi
238 silly reify mark deleted [
238 silly reify   '/home/kid/astrobuild.tips/node_modules/@rollup/rollup-android-arm-eabi'
238 silly reify ]
239 verbose reify failed optional dependency /home/kid/astrobuild.tips/node_modules/@img/sharp-win32-x64
240 silly reify mark deleted [ '/home/kid/astrobuild.tips/node_modules/@img/sharp-win32-x64' ]
241 verbose reify failed optional dependency /home/kid/astrobuild.tips/node_modules/@img/sharp-win32-ia32
242 silly reify mark deleted [ '/home/kid/astrobuild.tips/node_modules/@img/sharp-win32-ia32' ]
243 verbose reify failed optional dependency /home/kid/astrobuild.tips/node_modules/@img/sharp-wasm32
244 silly reify mark deleted [ '/home/kid/astrobuild.tips/node_modules/@img/sharp-wasm32' ]
245 verbose reify failed optional dependency /home/kid/astrobuild.tips/node_modules/@emnapi/runtime
246 silly reify mark deleted [ '/home/kid/astrobuild.tips/node_modules/@emnapi/runtime' ]
247 verbose reify failed optional dependency /home/kid/astrobuild.tips/node_modules/tslib
248 silly reify mark deleted [ '/home/kid/astrobuild.tips/node_modules/tslib' ]
249 verbose reify failed optional dependency /home/kid/astrobuild.tips/node_modules/@img/sharp-linuxmusl-arm64
250 silly reify mark deleted [ '/home/kid/astrobuild.tips/node_modules/@img/sharp-linuxmusl-arm64' ]
251 verbose reify failed optional dependency /home/kid/astrobuild.tips/node_modules/@img/sharp-linux-s390x
252 silly reify mark deleted [ '/home/kid/astrobuild.tips/node_modules/@img/sharp-linux-s390x' ]
253 verbose reify failed optional dependency /home/kid/astrobuild.tips/node_modules/@img/sharp-linux-arm64
254 silly reify mark deleted [ '/home/kid/astrobuild.tips/node_modules/@img/sharp-linux-arm64' ]
255 verbose reify failed optional dependency /home/kid/astrobuild.tips/node_modules/@img/sharp-linux-arm
256 silly reify mark deleted [ '/home/kid/astrobuild.tips/node_modules/@img/sharp-linux-arm' ]
257 verbose reify failed optional dependency /home/kid/astrobuild.tips/node_modules/@img/sharp-libvips-linuxmusl-arm64
258 silly reify mark deleted [
258 silly reify   '/home/kid/astrobuild.tips/node_modules/@img/sharp-libvips-linuxmusl-arm64'
258 silly reify ]
259 verbose reify failed optional dependency /home/kid/astrobuild.tips/node_modules/@img/sharp-libvips-linux-s390x
260 silly reify mark deleted [
260 silly reify   '/home/kid/astrobuild.tips/node_modules/@img/sharp-libvips-linux-s390x'
260 silly reify ]
261 verbose reify failed optional dependency /home/kid/astrobuild.tips/node_modules/@img/sharp-libvips-linux-arm64
262 silly reify mark deleted [
262 silly reify   '/home/kid/astrobuild.tips/node_modules/@img/sharp-libvips-linux-arm64'
262 silly reify ]
263 verbose reify failed optional dependency /home/kid/astrobuild.tips/node_modules/@img/sharp-libvips-linux-arm
264 silly reify mark deleted [
264 silly reify   '/home/kid/astrobuild.tips/node_modules/@img/sharp-libvips-linux-arm'
264 silly reify ]
265 verbose reify failed optional dependency /home/kid/astrobuild.tips/node_modules/@img/sharp-libvips-darwin-x64
266 silly reify mark deleted [
266 silly reify   '/home/kid/astrobuild.tips/node_modules/@img/sharp-libvips-darwin-x64'
266 silly reify ]
267 verbose reify failed optional dependency /home/kid/astrobuild.tips/node_modules/@img/sharp-libvips-darwin-arm64
268 silly reify mark deleted [
268 silly reify   '/home/kid/astrobuild.tips/node_modules/@img/sharp-libvips-darwin-arm64'
268 silly reify ]
269 verbose reify failed optional dependency /home/kid/astrobuild.tips/node_modules/@img/sharp-darwin-x64
270 silly reify mark deleted [ '/home/kid/astrobuild.tips/node_modules/@img/sharp-darwin-x64' ]
271 verbose reify failed optional dependency /home/kid/astrobuild.tips/node_modules/@img/sharp-darwin-arm64
272 silly reify mark deleted [ '/home/kid/astrobuild.tips/node_modules/@img/sharp-darwin-arm64' ]
273 verbose reify failed optional dependency /home/kid/astrobuild.tips/node_modules/@esbuild/win32-x64
274 silly reify mark deleted [ '/home/kid/astrobuild.tips/node_modules/@esbuild/win32-x64' ]
275 verbose reify failed optional dependency /home/kid/astrobuild.tips/node_modules/@esbuild/win32-ia32
276 silly reify mark deleted [ '/home/kid/astrobuild.tips/node_modules/@esbuild/win32-ia32' ]
277 verbose reify failed optional dependency /home/kid/astrobuild.tips/node_modules/@esbuild/win32-arm64
278 silly reify mark deleted [ '/home/kid/astrobuild.tips/node_modules/@esbuild/win32-arm64' ]
279 verbose reify failed optional dependency /home/kid/astrobuild.tips/node_modules/@esbuild/sunos-x64
280 silly reify mark deleted [ '/home/kid/astrobuild.tips/node_modules/@esbuild/sunos-x64' ]
281 verbose reify failed optional dependency /home/kid/astrobuild.tips/node_modules/@esbuild/openbsd-x64
282 silly reify mark deleted [ '/home/kid/astrobuild.tips/node_modules/@esbuild/openbsd-x64' ]
283 verbose reify failed optional dependency /home/kid/astrobuild.tips/node_modules/@esbuild/netbsd-x64
284 silly reify mark deleted [ '/home/kid/astrobuild.tips/node_modules/@esbuild/netbsd-x64' ]
285 verbose reify failed optional dependency /home/kid/astrobuild.tips/node_modules/@esbuild/linux-s390x
286 silly reify mark deleted [ '/home/kid/astrobuild.tips/node_modules/@esbuild/linux-s390x' ]
287 verbose reify failed optional dependency /home/kid/astrobuild.tips/node_modules/@esbuild/linux-riscv64
288 silly reify mark deleted [ '/home/kid/astrobuild.tips/node_modules/@esbuild/linux-riscv64' ]
289 verbose reify failed optional dependency /home/kid/astrobuild.tips/node_modules/@esbuild/linux-ppc64
290 silly reify mark deleted [ '/home/kid/astrobuild.tips/node_modules/@esbuild/linux-ppc64' ]
291 verbose reify failed optional dependency /home/kid/astrobuild.tips/node_modules/@esbuild/linux-mips64el
292 silly reify mark deleted [ '/home/kid/astrobuild.tips/node_modules/@esbuild/linux-mips64el' ]
293 verbose reify failed optional dependency /home/kid/astrobuild.tips/node_modules/@esbuild/linux-loong64
294 silly reify mark deleted [ '/home/kid/astrobuild.tips/node_modules/@esbuild/linux-loong64' ]
295 verbose reify failed optional dependency /home/kid/astrobuild.tips/node_modules/@esbuild/linux-ia32
296 silly reify mark deleted [ '/home/kid/astrobuild.tips/node_modules/@esbuild/linux-ia32' ]
297 verbose reify failed optional dependency /home/kid/astrobuild.tips/node_modules/@esbuild/linux-arm64
298 silly reify mark deleted [ '/home/kid/astrobuild.tips/node_modules/@esbuild/linux-arm64' ]
299 verbose reify failed optional dependency /home/kid/astrobuild.tips/node_modules/@esbuild/linux-arm
300 silly reify mark deleted [ '/home/kid/astrobuild.tips/node_modules/@esbuild/linux-arm' ]
301 verbose reify failed optional dependency /home/kid/astrobuild.tips/node_modules/@esbuild/freebsd-x64
302 silly reify mark deleted [ '/home/kid/astrobuild.tips/node_modules/@esbuild/freebsd-x64' ]
303 verbose reify failed optional dependency /home/kid/astrobuild.tips/node_modules/@esbuild/freebsd-arm64
304 silly reify mark deleted [ '/home/kid/astrobuild.tips/node_modules/@esbuild/freebsd-arm64' ]
305 verbose reify failed optional dependency /home/kid/astrobuild.tips/node_modules/@esbuild/darwin-x64
306 silly reify mark deleted [ '/home/kid/astrobuild.tips/node_modules/@esbuild/darwin-x64' ]
307 verbose reify failed optional dependency /home/kid/astrobuild.tips/node_modules/@esbuild/darwin-arm64
308 silly reify mark deleted [ '/home/kid/astrobuild.tips/node_modules/@esbuild/darwin-arm64' ]
309 verbose reify failed optional dependency /home/kid/astrobuild.tips/node_modules/@esbuild/android-x64
310 silly reify mark deleted [ '/home/kid/astrobuild.tips/node_modules/@esbuild/android-x64' ]
311 verbose reify failed optional dependency /home/kid/astrobuild.tips/node_modules/@esbuild/android-arm64
312 silly reify mark deleted [ '/home/kid/astrobuild.tips/node_modules/@esbuild/android-arm64' ]
313 verbose reify failed optional dependency /home/kid/astrobuild.tips/node_modules/@esbuild/android-arm
314 silly reify mark deleted [ '/home/kid/astrobuild.tips/node_modules/@esbuild/android-arm' ]
315 verbose reify failed optional dependency /home/kid/astrobuild.tips/node_modules/@esbuild/aix-ppc64
316 silly reify mark deleted [ '/home/kid/astrobuild.tips/node_modules/@esbuild/aix-ppc64' ]
317 silly tarball no local data for thenify-all@https://registry.npmjs.org/thenify-all/-/thenify-all-1.6.0.tgz. Extracting by manifest.
318 silly tarball no local data for object-assign@https://registry.npmjs.org/object-assign/-/object-assign-4.1.1.tgz. Extracting by manifest.
319 silly tarball no local data for any-promise@https://registry.npmjs.org/any-promise/-/any-promise-1.3.0.tgz. Extracting by manifest.
320 silly tarball no local data for thenify@https://registry.npmjs.org/thenify/-/thenify-3.3.1.tgz. Extracting by manifest.
321 silly tarball no local data for balanced-match@https://registry.npmjs.org/balanced-match/-/balanced-match-1.0.2.tgz. Extracting by manifest.
322 silly tarball no local data for brace-expansion@https://registry.npmjs.org/brace-expansion/-/brace-expansion-2.0.1.tgz. Extracting by manifest.
323 silly tarball no local data for wrap-ansi-cjs@https://registry.npmjs.org/wrap-ansi/-/wrap-ansi-7.0.0.tgz. Extracting by manifest.
324 silly tarball no local data for @isaacs/cliui@https://registry.npmjs.org/@isaacs/cliui/-/cliui-8.0.2.tgz. Extracting by manifest.
325 silly tarball no local data for @pkgjs/parseargs@https://registry.npmjs.org/@pkgjs/parseargs/-/parseargs-0.11.0.tgz. Extracting by manifest.
326 silly tarball no local data for path-scurry@https://registry.npmjs.org/path-scurry/-/path-scurry-1.10.2.tgz. Extracting by manifest.
327 silly tarball no local data for minipass@https://registry.npmjs.org/minipass/-/minipass-7.1.0.tgz. Extracting by manifest.
328 silly tarball no local data for minimatch@https://registry.npmjs.org/minimatch/-/minimatch-9.0.4.tgz. Extracting by manifest.
329 silly tarball no local data for foreground-child@https://registry.npmjs.org/foreground-child/-/foreground-child-3.1.1.tgz. Extracting by manifest.
330 silly tarball no local data for jackspeak@https://registry.npmjs.org/jackspeak/-/jackspeak-2.3.6.tgz. Extracting by manifest.
331 silly tarball no local data for ts-interface-checker@https://registry.npmjs.org/ts-interface-checker/-/ts-interface-checker-0.1.13.tgz. Extracting by manifest.
332 silly tarball no local data for pirates@https://registry.npmjs.org/pirates/-/pirates-4.0.6.tgz. Extracting by manifest.
333 silly tarball no local data for mz@https://registry.npmjs.org/mz/-/mz-2.7.0.tgz. Extracting by manifest.
334 silly tarball no local data for lines-and-columns@https://registry.npmjs.org/lines-and-columns/-/lines-and-columns-1.2.4.tgz. Extracting by manifest.
335 silly tarball no local data for glob@https://registry.npmjs.org/glob/-/glob-10.3.12.tgz. Extracting by manifest.
336 silly tarball no local data for commander@https://registry.npmjs.org/commander/-/commander-4.1.1.tgz. Extracting by manifest.
337 silly tarball no local data for camelcase-css@https://registry.npmjs.org/camelcase-css/-/camelcase-css-2.0.1.tgz. Extracting by manifest.
338 silly tarball no local data for read-cache@https://registry.npmjs.org/read-cache/-/read-cache-1.0.0.tgz. Extracting by manifest.
339 silly tarball no local data for sucrase@https://registry.npmjs.org/sucrase/-/sucrase-3.35.0.tgz. Extracting by manifest.
340 silly tarball no local data for postcss-selector-parser@https://registry.npmjs.org/postcss-selector-parser/-/postcss-selector-parser-6.0.16.tgz. Extracting by manifest.
341 silly tarball no local data for postcss-nested@https://registry.npmjs.org/postcss-nested/-/postcss-nested-6.0.1.tgz. Extracting by manifest.
342 silly tarball no local data for postcss-js@https://registry.npmjs.org/postcss-js/-/postcss-js-4.0.1.tgz. Extracting by manifest.
343 silly tarball no local data for postcss-import@https://registry.npmjs.org/postcss-import/-/postcss-import-15.1.0.tgz. Extracting by manifest.
344 silly tarball no local data for object-hash@https://registry.npmjs.org/object-hash/-/object-hash-3.0.0.tgz. Extracting by manifest.
345 silly tarball no local data for jiti@https://registry.npmjs.org/jiti/-/jiti-1.21.0.tgz. Extracting by manifest.
346 silly tarball no local data for didyoumean@https://registry.npmjs.org/didyoumean/-/didyoumean-1.2.2.tgz. Extracting by manifest.
347 silly tarball no local data for arg@https://registry.npmjs.org/arg/-/arg-5.0.2.tgz. Extracting by manifest.
348 silly tarball no local data for @alloc/quick-lru@https://registry.npmjs.org/@alloc/quick-lru/-/quick-lru-5.2.0.tgz. Extracting by manifest.
349 silly tarball no local data for lilconfig@https://registry.npmjs.org/lilconfig/-/lilconfig-3.1.1.tgz. Extracting by manifest.
350 silly tarball no local data for postcss-value-parser@https://registry.npmjs.org/postcss-value-parser/-/postcss-value-parser-4.2.0.tgz. Extracting by manifest.
351 silly tarball no local data for normalize-range@https://registry.npmjs.org/normalize-range/-/normalize-range-0.1.2.tgz. Extracting by manifest.
352 silly tarball no local data for yaml@https://registry.npmjs.org/yaml/-/yaml-2.4.2.tgz. Extracting by manifest.
353 silly tarball no local data for fraction.js@https://registry.npmjs.org/fraction.js/-/fraction.js-4.3.7.tgz. Extracting by manifest.
354 silly tarball no local data for autoprefixer@https://registry.npmjs.org/autoprefixer/-/autoprefixer-10.4.19.tgz. Extracting by manifest.
355 silly tarball no local data for postcss-load-config@https://registry.npmjs.org/postcss-load-config/-/postcss-load-config-4.0.2.tgz. Extracting by manifest.
356 silly tarball no local data for tailwindcss@https://registry.npmjs.org/tailwindcss/-/tailwindcss-3.4.3.tgz. Extracting by manifest.
357 silly tarball no local data for @astrojs/tailwind@https://registry.npmjs.org/@astrojs/tailwind/-/tailwind-5.1.0.tgz. Extracting by manifest.
358 silly tarball no local data for @rollup/rollup-linux-x64-musl@https://registry.npmjs.org/@rollup/rollup-linux-x64-musl/-/rollup-linux-x64-musl-4.17.2.tgz. Extracting by manifest.
359 silly tarball no local data for @img/sharp-linuxmusl-x64@https://registry.npmjs.org/@img/sharp-linuxmusl-x64/-/sharp-linuxmusl-x64-0.33.3.tgz. Extracting by manifest.
360 silly tarball no local data for @img/sharp-libvips-linuxmusl-x64@https://registry.npmjs.org/@img/sharp-libvips-linuxmusl-x64/-/sharp-libvips-linuxmusl-x64-1.0.2.tgz. Extracting by manifest.
361 silly tarball no local data for ansi-styles@https://registry.npmjs.org/ansi-styles/-/ansi-styles-4.3.0.tgz. Extracting by manifest.
362 silly tarball no local data for pify@https://registry.npmjs.org/pify/-/pify-2.3.0.tgz. Extracting by manifest.
363 silly tarball no local data for lilconfig@https://registry.npmjs.org/lilconfig/-/lilconfig-2.1.0.tgz. Extracting by manifest.
364 silly tarball no local data for glob-parent@https://registry.npmjs.org/glob-parent/-/glob-parent-6.0.2.tgz. Extracting by manifest.
365 silly tarball no local data for lru-cache@https://registry.npmjs.org/lru-cache/-/lru-cache-10.2.2.tgz. Extracting by manifest.
366 http fetch GET 200 https://registry.npmjs.org/thenify-all/-/thenify-all-1.6.0.tgz 132ms (cache miss)
367 http fetch GET 200 https://registry.npmjs.org/object-assign/-/object-assign-4.1.1.tgz 133ms (cache miss)
368 http fetch POST 200 https://registry.npmjs.org/-/npm/v1/security/advisories/bulk 230ms
369 silly audit report {}
370 http fetch GET 200 https://registry.npmjs.org/ts-interface-checker/-/ts-interface-checker-0.1.13.tgz 199ms (cache miss)
371 http fetch GET 200 https://registry.npmjs.org/pirates/-/pirates-4.0.6.tgz 203ms (cache miss)
372 http fetch GET 200 https://registry.npmjs.org/lines-and-columns/-/lines-and-columns-1.2.4.tgz 268ms (cache miss)
373 http fetch GET 200 https://registry.npmjs.org/mz/-/mz-2.7.0.tgz 272ms (cache miss)
374 http fetch GET 200 https://registry.npmjs.org/glob/-/glob-10.3.12.tgz 303ms (cache miss)
375 http fetch GET 200 https://registry.npmjs.org/any-promise/-/any-promise-1.3.0.tgz 328ms (cache miss)
376 http fetch GET 200 https://registry.npmjs.org/brace-expansion/-/brace-expansion-2.0.1.tgz 337ms (cache miss)
377 http fetch GET 200 https://registry.npmjs.org/thenify/-/thenify-3.3.1.tgz 338ms (cache miss)
378 http fetch GET 200 https://registry.npmjs.org/balanced-match/-/balanced-match-1.0.2.tgz 342ms (cache miss)
379 http fetch GET 200 https://registry.npmjs.org/wrap-ansi/-/wrap-ansi-7.0.0.tgz 389ms (cache miss)
380 http fetch GET 200 https://registry.npmjs.org/commander/-/commander-4.1.1.tgz 393ms (cache miss)
381 http fetch GET 200 https://registry.npmjs.org/camelcase-css/-/camelcase-css-2.0.1.tgz 401ms (cache miss)
382 http fetch GET 200 https://registry.npmjs.org/read-cache/-/read-cache-1.0.0.tgz 426ms (cache miss)
383 http fetch GET 200 https://registry.npmjs.org/postcss-nested/-/postcss-nested-6.0.1.tgz 456ms (cache miss)
384 http fetch GET 200 https://registry.npmjs.org/postcss-js/-/postcss-js-4.0.1.tgz 457ms (cache miss)
385 http fetch GET 200 https://registry.npmjs.org/object-hash/-/object-hash-3.0.0.tgz 473ms (cache miss)
386 http fetch GET 200 https://registry.npmjs.org/foreground-child/-/foreground-child-3.1.1.tgz 485ms (cache miss)
387 http fetch GET 200 https://registry.npmjs.org/postcss-import/-/postcss-import-15.1.0.tgz 487ms (cache miss)
388 http fetch GET 200 https://registry.npmjs.org/@pkgjs/parseargs/-/parseargs-0.11.0.tgz 500ms (cache miss)
389 http fetch GET 200 https://registry.npmjs.org/minipass/-/minipass-7.1.0.tgz 525ms (cache miss)
390 http fetch GET 200 https://registry.npmjs.org/path-scurry/-/path-scurry-1.10.2.tgz 540ms (cache miss)
391 http fetch GET 200 https://registry.npmjs.org/postcss-selector-parser/-/postcss-selector-parser-6.0.16.tgz 556ms (cache miss)
392 http fetch GET 200 https://registry.npmjs.org/autoprefixer/-/autoprefixer-10.4.19.tgz 602ms (cache miss)
393 http fetch GET 200 https://registry.npmjs.org/sucrase/-/sucrase-3.35.0.tgz 713ms (cache miss)
394 http fetch GET 200 https://registry.npmjs.org/yaml/-/yaml-2.4.2.tgz 715ms (cache miss)
395 http fetch GET 200 https://registry.npmjs.org/tailwindcss/-/tailwindcss-3.4.3.tgz 781ms (cache miss)
396 http fetch GET 200 https://registry.npmjs.org/@alloc/quick-lru/-/quick-lru-5.2.0.tgz 796ms (cache miss)
397 http fetch GET 200 https://registry.npmjs.org/@astrojs/tailwind/-/tailwind-5.1.0.tgz 1046ms (cache miss)
398 http fetch GET 200 https://registry.npmjs.org/ansi-styles/-/ansi-styles-4.3.0.tgz 1123ms (cache miss)
399 http fetch GET 200 https://registry.npmjs.org/pify/-/pify-2.3.0.tgz 1197ms (cache miss)
400 http fetch GET 200 https://registry.npmjs.org/lilconfig/-/lilconfig-2.1.0.tgz 1302ms (cache miss)
401 http fetch GET 200 https://registry.npmjs.org/glob-parent/-/glob-parent-6.0.2.tgz 1360ms (cache miss)
402 http fetch GET 200 https://registry.npmjs.org/postcss-load-config/-/postcss-load-config-4.0.2.tgz 1513ms (cache miss)
403 http fetch GET 200 https://registry.npmjs.org/lilconfig/-/lilconfig-3.1.1.tgz 1515ms (cache miss)
404 http fetch GET 200 https://registry.npmjs.org/jiti/-/jiti-1.21.0.tgz 1516ms (cache miss)
405 http fetch GET 200 https://registry.npmjs.org/postcss-value-parser/-/postcss-value-parser-4.2.0.tgz 1517ms (cache miss)
406 http fetch GET 200 https://registry.npmjs.org/@isaacs/cliui/-/cliui-8.0.2.tgz 1526ms (cache miss)
407 http fetch GET 200 https://registry.npmjs.org/didyoumean/-/didyoumean-1.2.2.tgz 1520ms (cache miss)
408 http fetch GET 200 https://registry.npmjs.org/normalize-range/-/normalize-range-0.1.2.tgz 1520ms (cache miss)
409 http fetch GET 200 https://registry.npmjs.org/arg/-/arg-5.0.2.tgz 1523ms (cache miss)
410 http fetch GET 200 https://registry.npmjs.org/minimatch/-/minimatch-9.0.4.tgz 1532ms (cache miss)
411 http fetch GET 200 https://registry.npmjs.org/jackspeak/-/jackspeak-2.3.6.tgz 1535ms (cache miss)
412 http fetch GET 200 https://registry.npmjs.org/fraction.js/-/fraction.js-4.3.7.tgz 1529ms (cache miss)
413 http fetch GET 200 https://registry.npmjs.org/lru-cache/-/lru-cache-10.2.2.tgz 1593ms (cache miss)
414 http fetch GET 200 https://registry.npmjs.org/@img/sharp-linuxmusl-x64/-/sharp-linuxmusl-x64-0.33.3.tgz 1644ms (cache miss)
415 http fetch GET 200 https://registry.npmjs.org/@img/sharp-libvips-linuxmusl-x64/-/sharp-libvips-linuxmusl-x64-1.0.2.tgz 2620ms (cache miss)
416 http fetch GET 200 https://registry.npmjs.org/@rollup/rollup-linux-x64-musl/-/rollup-linux-x64-musl-4.17.2.tgz 2635ms (cache miss)
417 silly ADD node_modules/thenify
418 silly ADD node_modules/thenify-all
419 silly ADD node_modules/object-assign
420 silly ADD node_modules/any-promise
421 silly ADD node_modules/balanced-match
422 silly ADD node_modules/brace-expansion
423 silly ADD node_modules/wrap-ansi-cjs
424 silly ADD node_modules/wrap-ansi-cjs/node_modules/ansi-regex
425 silly ADD node_modules/wrap-ansi-cjs/node_modules/emoji-regex
426 silly ADD node_modules/wrap-ansi-cjs/node_modules/color-name
427 silly ADD node_modules/wrap-ansi-cjs/node_modules/color-convert
428 silly ADD node_modules/wrap-ansi-cjs/node_modules/strip-ansi
429 silly ADD node_modules/wrap-ansi-cjs/node_modules/string-width
430 silly ADD node_modules/wrap-ansi-cjs/node_modules/ansi-styles
431 silly ADD node_modules/strip-ansi-cjs
432 silly ADD node_modules/strip-ansi-cjs/node_modules/ansi-regex
433 silly ADD node_modules/string-width-cjs
434 silly ADD node_modules/string-width-cjs/node_modules/ansi-regex
435 silly ADD node_modules/string-width-cjs/node_modules/strip-ansi
436 silly ADD node_modules/string-width-cjs/node_modules/emoji-regex
437 silly ADD node_modules/@pkgjs/parseargs
438 silly ADD node_modules/@isaacs/cliui
439 silly ADD node_modules/@isaacs/cliui/node_modules/emoji-regex
440 silly ADD node_modules/@isaacs/cliui/node_modules/string-width
441 silly ADD node_modules/path-scurry
442 silly ADD node_modules/path-scurry/node_modules/lru-cache
443 silly ADD node_modules/minipass
444 silly ADD node_modules/minimatch
445 silly ADD node_modules/jackspeak
446 silly ADD node_modules/foreground-child
447 silly ADD node_modules/ts-interface-checker
448 silly ADD node_modules/pirates
449 silly ADD node_modules/mz
450 silly ADD node_modules/lines-and-columns
451 silly ADD node_modules/glob
452 silly ADD node_modules/commander
453 silly ADD node_modules/util-deprecate
454 silly ADD node_modules/camelcase-css
455 silly ADD node_modules/read-cache
456 silly ADD node_modules/read-cache/node_modules/pify
457 silly ADD node_modules/sucrase
458 silly ADD node_modules/postcss-selector-parser
459 silly ADD node_modules/postcss-nested
460 silly ADD node_modules/postcss-js
461 silly ADD node_modules/postcss-import
462 silly ADD node_modules/object-hash
463 silly ADD node_modules/jiti
464 silly ADD node_modules/didyoumean
465 silly ADD node_modules/arg
466 silly ADD node_modules/@alloc/quick-lru
467 silly ADD node_modules/yaml
468 silly ADD node_modules/lilconfig
469 silly ADD node_modules/postcss-value-parser
470 silly ADD node_modules/normalize-range
471 silly ADD node_modules/fraction.js
472 silly ADD node_modules/postcss-load-config
473 silly ADD node_modules/autoprefixer
474 silly ADD node_modules/tailwindcss
475 silly ADD node_modules/tailwindcss/node_modules/lilconfig
476 silly ADD node_modules/tailwindcss/node_modules/glob-parent
477 silly ADD node_modules/@astrojs/tailwind
478 silly ADD
479 silly ADD
480 silly ADD
481 silly ADD
482 silly ADD
483 silly ADD node_modules/@rollup/rollup-linux-x64-musl
484 silly ADD
485 silly ADD
486 silly ADD
487 silly ADD
488 silly ADD
489 silly ADD
490 silly ADD
491 silly ADD
492 silly ADD
493 silly ADD
494 silly ADD
495 silly ADD
496 silly ADD
497 silly ADD
498 silly ADD node_modules/@img/sharp-linuxmusl-x64
499 silly ADD
500 silly ADD
501 silly ADD
502 silly ADD
503 silly ADD node_modules/@img/sharp-libvips-linuxmusl-x64
504 silly ADD
505 silly ADD
506 silly ADD
507 silly ADD
508 silly ADD
509 silly ADD
510 silly ADD
511 silly ADD
512 silly ADD
513 silly ADD
514 silly ADD
515 silly ADD
516 silly ADD
517 silly ADD
518 silly ADD
519 silly ADD
520 silly ADD
521 silly ADD
522 silly ADD
523 silly ADD
524 silly ADD
525 silly ADD
526 silly ADD
527 silly ADD
528 silly ADD
529 silly ADD
530 silly ADD
531 silly ADD
532 silly ADD
533 silly ADD
534 silly ADD
535 verbose exit 0
536 info ok
